2026-05-08 08:00:01 INFO Release pipeline initiated
2026-05-08 08:00:20 INFO Starting replication health checks
2026-05-08 08:01:01 WARNING Replica lag detected: 12 seconds
2026-05-08 08:01:45 WARNING Replica lag detected: 18 seconds
2026-05-08 08:02:00 INFO Running pre-deployment validation checks
2026-05-08 08:03:00 INFO Starting application build
2026-05-08 08:03:25 ERROR BuildFailure
2026-05-08 08:03:40 ERROR BuildFailure
2026-05-08 08:04:00 INFO Retrying failed build
2026-05-08 08:05:00 INFO Running unit tests
2026-05-08 08:05:20 ERROR UnitTestFailure
2026-05-08 08:06:30 INFO Running integration tests
2026-05-08 08:06:45 ERROR DatabaseConnectionTimeout
2026-05-08 08:07:00 ERROR DatabaseConnectionTimeout
2026-05-08 08:07:20 WARNING Replica lag detected: 25 seconds
2026-05-08 08:08:00 INFO Starting Docker image build
2026-05-08 08:09:00 INFO Uploading artifacts to repository
2026-05-08 08:09:15 ERROR ArtifactUploadFailure
2026-05-08 08:10:30 INFO Starting Terraform deployment
2026-05-08 08:10:50 ERROR InfrastructureProvisionFailure
2026-05-08 08:11:20 WARNING Replica lag detected: 45 seconds
2026-05-08 08:12:00 INFO Running deployment verification checks
2026-05-08 08:12:20 ERROR ReplicationLagThresholdExceeded
2026-05-08 08:12:40 ERROR ReplicationLagThresholdExceeded
2026-05-08 08:14:00 INFO Executing rollback readiness checks
2026-05-08 08:14:15 ERROR RollbackValidationFailure
2026-05-08 08:15:00 WARNING Replica lag detected: 67 seconds
2026-05-08 08:16:00 INFO Finalizing release decision
2026-05-08 08:16:20 ERROR DeploymentGateFailure
2026-05-08 08:17:00 INFO Release pipeline completed with errors
